No symbol "unlimited" in current context.
expansion:  History expansion on command input is off.
filename:  The filename in which to record the command history is "gdb_logs/server_1.cmd".
save:  Saving of the history record on exit is off.
size:  The size of the command history is 256.
expansion:  History expansion on command input is off.
filename:  The filename in which to record the command history is "gdb_logs/server_1.cmd".
save:  Saving of the history record on exit is off.
size:  The size of the command history is 1024.
expansion:  History expansion on command input is off.
filename:  The filename in which to record the command history is "gdb_logs/server_1.cmd".
save:  Saving of the history record on exit is on.
size:  The size of the command history is 1024.
Breakpoint 1 at 0x8048ff1: file psu_thread.c, line 172.
Num     Type           Disp Enb Address    What
1       breakpoint     keep y   0x08048ff1 in psu_thread_create at psu_thread.c:172
Starting program: /home/grads/nvv5143/project-1-thread-migrator-NiramayVaidya/app1 localhost 1
[Thread debugging using libthread_db enabled]
Using host libthread_db library "/lib64/libthread_db.so.1".

Breakpoint 1, psu_thread_create (user_func=0x8048a96 <foo>, user_args=0x0) at psu_thread.c:172
172		if (getcontext(&thread_info.uctx_user_func) == -1) {
Missing separate debuginfos, use: debuginfo-install glibc-2.17-324.el7_9.i686
eax            0x8048a96	134515350
ecx            0xffffd0dd	-12067
edx            0x804b260	134525536
ebx            0xf7f87000	-134713344
esp            0xffffce10	0xffffce10
ebp            0xffffce28	0xffffce28
esi            0x0	0
edi            0x0	0
eip            0x8048ff1	0x8048ff1 <psu_thread_create+14>
eflags         0x282	[ SF IF ]
cs             0x23	35
ss             0x2b	43
ds             0x2b	43
es             0x2b	43
fs             0x0	0
gs             0x63	99
Stack level 0, frame at 0xffffce30:
 eip = 0x8048ff1 in psu_thread_create (psu_thread.c:172); saved eip 0x8048b45
 called by frame at 0xffffce50
 source language c.
 Arglist at 0xffffce28, args: user_func=0x8048a96 <foo>, user_args=0x0
 Locals at 0xffffce28, Previous frame's sp is 0xffffce30
 Saved registers:
  ebp at 0xffffce28, eip at 0xffffce2c
Dump of assembler code for function foo:
   0x08048a96 <+0>:	push   %ebp
   0x08048a97 <+1>:	mov    %esp,%ebp
   0x08048a99 <+3>:	sub    $0x18,%esp
   0x08048a9c <+6>:	movl   $0x1c,(%esp)
   0x08048aa3 <+13>:	call   0x8048a3d <print_hostname>
   0x08048aa8 <+18>:	movl   $0x804931a,(%esp)
   0x08048aaf <+25>:	call   0x8048830 <puts@plt>
   0x08048ab4 <+30>:	movl   $0x804b260,(%esp)
   0x08048abb <+37>:	call   0x8049167 <psu_thread_migrate>
   0x08048ac0 <+42>:	movl   $0x1f,(%esp)
   0x08048ac7 <+49>:	call   0x8048a3d <print_hostname>
   0x08048acc <+54>:	movl   $0x8049325,(%esp)
   0x08048ad3 <+61>:	call   0x8048830 <puts@plt>
   0x08048ad8 <+66>:	mov    $0x0,%eax
   0x08048add <+71>:	leave  
   0x08048ade <+72>:	ret    
End of assembler dump.
$1 = {uc_flags = 0x0, uc_link = 0x0, uc_stack = {ss_sp = 0x0, ss_flags = 0x0, ss_size = 0x0}, uc_mcontext = {gregs = {0x0 <repeats 19 times>}, fpregs = 0x0, oldmask = 0x0, cr2 = 0x0}, uc_sigmask = {__val = {0x0 <repeats 32 times>}}, __fpregs_mem = {cw = 0x0, sw = 0x0, 
    tag = 0x0, ipoff = 0x0, cssel = 0x0, dataoff = 0x0, datasel = 0x0, _st = {{significand = {0x0, 0x0, 0x0, 0x0}, exponent = 0x0}, {significand = {0x0, 0x0, 0x0, 0x0}, exponent = 0x0}, {significand = {0x0, 0x0, 0x0, 0x0}, exponent = 0x0}, {significand = {0x0, 0x0, 
          0x0, 0x0}, exponent = 0x0}, {significand = {0x0, 0x0, 0x0, 0x0}, exponent = 0x0}, {significand = {0x0, 0x0, 0x0, 0x0}, exponent = 0x0}, {significand = {0x0, 0x0, 0x0, 0x0}, exponent = 0x0}, {significand = {0x0, 0x0, 0x0, 0x0}, exponent = 0x0}}, status = 0x0}}
$2 = {0x0 <repeats 2048 times>}
177		thread_info.uctx_user_func.uc_stack.ss_sp = thread_info.user_func_stack;
178		thread_info.uctx_user_func.uc_stack.ss_size = sizeof(thread_info.user_func_stack);
179		if (!thread_info.mode) {
185		else if (thread_info.mode == 1) {
186			n = read(thread_info.sock_fd, &user_func_offset, sizeof(int));
eax            0x1	1
ecx            0x0	0
edx            0x804b418	134525976
ebx            0xf7f87000	-134713344
esp            0xffffce10	0xffffce10
ebp            0xffffce28	0xffffce28
esi            0x0	0
edi            0x0	0
eip            0x804908b	0x804908b <psu_thread_create+168>
eflags         0x246	[ PF ZF IF ]
cs             0x23	35
ss             0x2b	43
ds             0x2b	43
es             0x2b	43
fs             0x0	0
gs             0x63	99
Stack level 0, frame at 0xffffce30:
 eip = 0x804908b in psu_thread_create (psu_thread.c:186); saved eip 0x8048b45
 called by frame at 0xffffce50
 source language c.
 Arglist at 0xffffce28, args: user_func=0x8048a96 <foo>, user_args=0x0
 Locals at 0xffffce28, Previous frame's sp is 0xffffce30
 Saved registers:
  ebp at 0xffffce28, eip at 0xffffce2c
$3 = {uc_flags = 0x0, uc_link = 0x0, uc_stack = {ss_sp = 0x804b508, ss_flags = 0x0, ss_size = 0x2000}, uc_mcontext = {gregs = {0x0, 0x0, 0x0, 0x0, 0x0, 0x0, 0xffffce28, 0xffffce10, 0xf7f87000, 0x804b260, 0xffffd0dd, 0x0, 0x0, 0x0, 0x8048ffd, 0x0, 0x0, 0x0, 0x0}, 
    fpregs = 0x804b498, oldmask = 0x0, cr2 = 0x0}, uc_sigmask = {__val = {0x0 <repeats 32 times>}}, __fpregs_mem = {cw = 0xffff037f, sw = 0xffff0000, tag = 0xffffffff, ipoff = 0x0, cssel = 0x0, dataoff = 0x0, datasel = 0xffff0000, _st = {{significand = {0x0, 0x0, 0x0, 
          0x0}, exponent = 0x0}, {significand = {0x0, 0x0, 0x0, 0x0}, exponent = 0x0}, {significand = {0x0, 0x0, 0x0, 0x0}, exponent = 0x0}, {significand = {0x0, 0x0, 0x0, 0x0}, exponent = 0x0}, {significand = {0x0, 0x0, 0x0, 0x0}, exponent = 0x0}, {significand = {0x0, 
          0x0, 0x0, 0x0}, exponent = 0x0}, {significand = {0x0, 0x0, 0x0, 0x0}, exponent = 0x0}, {significand = {0x0, 0x0, 0x0, 0x0}, exponent = 0x0}}, status = 0x0}}
$4 = 0xffffce28
$5 = 0xffffce10
$6 = 0x8048ffd
$7 = {0x0 <repeats 2048 times>}
$8 = 0x804d504
187			if (n < 0) {
192			else if (n < sizeof(int)) {
197			if (getcontext(&thread_info.uctx_user_func) == -1) {
eax            0x4	4
ecx            0x804b0e4	134525156
edx            0x4	4
ebx            0xf7f87000	-134713344
esp            0xffffce10	0xffffce10
ebp            0xffffce28	0xffffce28
esi            0x0	0
edi            0x0	0
eip            0x80490eb	0x80490eb <psu_thread_create+264>
eflags         0x202	[ IF ]
cs             0x23	35
ss             0x2b	43
ds             0x2b	43
es             0x2b	43
fs             0x0	0
gs             0x63	99
Stack level 0, frame at 0xffffce30:
 eip = 0x80490eb in psu_thread_create (psu_thread.c:197); saved eip 0x8048b45
 called by frame at 0xffffce50
 source language c.
 Arglist at 0xffffce28, args: user_func=0x8048a96 <foo>, user_args=0x0
 Locals at 0xffffce28, Previous frame's sp is 0xffffce30
 Saved registers:
  ebp at 0xffffce28, eip at 0xffffce2c
$9 = {uc_flags = 0x0, uc_link = 0x0, uc_stack = {ss_sp = 0x804b508, ss_flags = 0x0, ss_size = 0x2000}, uc_mcontext = {gregs = {0x0, 0x0, 0x0, 0x0, 0x0, 0x0, 0xffffce28, 0xffffce10, 0xf7f87000, 0x804b260, 0xffffd0dd, 0x0, 0x0, 0x0, 0x8048ffd, 0x0, 0x0, 0x0, 0x0}, 
    fpregs = 0x804b498, oldmask = 0x0, cr2 = 0x0}, uc_sigmask = {__val = {0x0 <repeats 32 times>}}, __fpregs_mem = {cw = 0xffff037f, sw = 0xffff0000, tag = 0xffffffff, ipoff = 0x0, cssel = 0x0, dataoff = 0x0, datasel = 0xffff0000, _st = {{significand = {0x0, 0x0, 0x0, 
          0x0}, exponent = 0x0}, {significand = {0x0, 0x0, 0x0, 0x0}, exponent = 0x0}, {significand = {0x0, 0x0, 0x0, 0x0}, exponent = 0x0}, {significand = {0x0, 0x0, 0x0, 0x0}, exponent = 0x0}, {significand = {0x0, 0x0, 0x0, 0x0}, exponent = 0x0}, {significand = {0x0, 
          0x0, 0x0, 0x0}, exponent = 0x0}, {significand = {0x0, 0x0, 0x0, 0x0}, exponent = 0x0}, {significand = {0x0, 0x0, 0x0, 0x0}, exponent = 0x0}}, status = 0x0}}
$10 = {0x0 <repeats 2048 times>}
$11 = 0xffffce28
$12 = 0xffffce10
$13 = 0x8048ffd
221			makecontext(&thread_info.uctx_user_func, (void (*)(void)) user_func, 1, user_args);
Stack level 0, frame at 0xffffce30:
 eip = 0x8049108 in psu_thread_create (psu_thread.c:221); saved eip 0x8048b45
 called by frame at 0xffffce50
 source language c.
 Arglist at 0xffffce28, args: user_func=0x8048a96 <foo>, user_args=0x0
 Locals at 0xffffce28, Previous frame's sp is 0xffffce30
 Saved registers:
  ebp at 0xffffce28, eip at 0xffffce2c
eax            0x0	0
ecx            0x0	0
edx            0x804b418	134525976
ebx            0xf7f87000	-134713344
esp            0xffffce10	0xffffce10
ebp            0xffffce28	0xffffce28
esi            0x0	0
edi            0x0	0
eip            0x8049108	0x8049108 <psu_thread_create+293>
eflags         0x213	[ CF AF IF ]
cs             0x23	35
ss             0x2b	43
ds             0x2b	43
es             0x2b	43
fs             0x0	0
gs             0x63	99
$14 = {uc_flags = 0x0, uc_link = 0x0, uc_stack = {ss_sp = 0x804b508, ss_flags = 0x0, ss_size = 0x2000}, uc_mcontext = {gregs = {0x0, 0x0, 0x0, 0x0, 0x0, 0x0, 0xffffce28, 0xffffce10, 0xf7f87000, 0x4, 0x804b0e4, 0x0, 0x0, 0x0, 0x80490f7, 0x0, 0x0, 0x0, 0x0}, 
    fpregs = 0x804b498, oldmask = 0x0, cr2 = 0x0}, uc_sigmask = {__val = {0x0 <repeats 32 times>}}, __fpregs_mem = {cw = 0xffff037f, sw = 0xffff0000, tag = 0xffffffff, ipoff = 0x0, cssel = 0x0, dataoff = 0x0, datasel = 0xffff0000, _st = {{significand = {0x0, 0x0, 0x0, 
          0x0}, exponent = 0x0}, {significand = {0x0, 0x0, 0x0, 0x0}, exponent = 0x0}, {significand = {0x0, 0x0, 0x0, 0x0}, exponent = 0x0}, {significand = {0x0, 0x0, 0x0, 0x0}, exponent = 0x0}, {significand = {0x0, 0x0, 0x0, 0x0}, exponent = 0x0}, {significand = {0x0, 
          0x0, 0x0, 0x0}, exponent = 0x0}, {significand = {0x0, 0x0, 0x0, 0x0}, exponent = 0x0}, {significand = {0x0, 0x0, 0x0, 0x0}, exponent = 0x0}}, status = 0x0}}
$15 = 0xffffce28
$16 = 0xffffce10
$17 = 0x80490f7
$18 = {0x0 <repeats 2048 times>}
222			thread_info.uctx_user_func.uc_mcontext.gregs[EIP] = user_func + user_func_offset;
eax            0x0	0
ecx            0xf7e0179b	-136308837
edx            0x804d4fc	134534396
ebx            0xf7f87000	-134713344
esp            0xffffce10	0xffffce10
ebp            0xffffce28	0xffffce28
esi            0x0	0
edi            0x0	0
eip            0x804912a	0x804912a <psu_thread_create+327>
eflags         0x282	[ SF IF ]
cs             0x23	35
ss             0x2b	43
ds             0x2b	43
es             0x2b	43
fs             0x0	0
gs             0x63	99
Stack level 0, frame at 0xffffce30:
 eip = 0x804912a in psu_thread_create (psu_thread.c:222); saved eip 0x8048b45
 called by frame at 0xffffce50
 source language c.
 Arglist at 0xffffce28, args: user_func=0x8048a96 <foo>, user_args=0x0
 Locals at 0xffffce28, Previous frame's sp is 0xffffce30
 Saved registers:
  ebp at 0xffffce28, eip at 0xffffce2c
$19 = {uc_flags = 0x0, uc_link = 0x0, uc_stack = {ss_sp = 0x804b508, ss_flags = 0x0, ss_size = 0x2000}, uc_mcontext = {gregs = {0x0, 0x0, 0x0, 0x0, 0x0, 0x0, 0xffffce28, 0x804d4fc, 0x1, 0x4, 0x804b0e4, 0x0, 0x0, 0x0, 0x8048a96, 0x0, 0x0, 0x0, 0x0}, fpregs = 0x804b498, 
    oldmask = 0x0, cr2 = 0x0}, uc_sigmask = {__val = {0x0 <repeats 32 times>}}, __fpregs_mem = {cw = 0xffff037f, sw = 0xffff0000, tag = 0xffffffff, ipoff = 0x0, cssel = 0x0, dataoff = 0x0, datasel = 0xffff0000, _st = {{significand = {0x0, 0x0, 0x0, 0x0}, 
        exponent = 0x0}, {significand = {0x0, 0x0, 0x0, 0x0}, exponent = 0x0}, {significand = {0x0, 0x0, 0x0, 0x0}, exponent = 0x0}, {significand = {0x0, 0x0, 0x0, 0x0}, exponent = 0x0}, {significand = {0x0, 0x0, 0x0, 0x0}, exponent = 0x0}, {significand = {0x0, 0x0, 
          0x0, 0x0}, exponent = 0x0}, {significand = {0x0, 0x0, 0x0, 0x0}, exponent = 0x0}, {significand = {0x0, 0x0, 0x0, 0x0}, exponent = 0x0}}, status = 0x0}}
$20 = 0xffffce28
$21 = 0x804d4fc
$22 = 0x8048a96
$23 = {0x0 <repeats 2045 times>, 0xf7e0179b, 0x0, 0x0}
$24 = 42
$25 = 0x8048a96
$26 = 0x8048ac0
235			if (swapcontext(&uctx_curr, &thread_info.uctx_user_func) == -1) {
$27 = {uc_flags = 0x0, uc_link = 0x0, uc_stack = {ss_sp = 0x804b508, ss_flags = 0x0, ss_size = 0x2000}, uc_mcontext = {gregs = {0x0, 0x0, 0x0, 0x0, 0x0, 0x0, 0xffffce28, 0x804d4fc, 0x1, 0x4, 0x804b0e4, 0x0, 0x0, 0x0, 0x8048ac0, 0x0, 0x0, 0x0, 0x0}, fpregs = 0x804b498, 
    oldmask = 0x0, cr2 = 0x0}, uc_sigmask = {__val = {0x0 <repeats 32 times>}}, __fpregs_mem = {cw = 0xffff037f, sw = 0xffff0000, tag = 0xffffffff, ipoff = 0x0, cssel = 0x0, dataoff = 0x0, datasel = 0xffff0000, _st = {{significand = {0x0, 0x0, 0x0, 0x0}, 
        exponent = 0x0}, {significand = {0x0, 0x0, 0x0, 0x0}, exponent = 0x0}, {significand = {0x0, 0x0, 0x0, 0x0}, exponent = 0x0}, {significand = {0x0, 0x0, 0x0, 0x0}, exponent = 0x0}, {significand = {0x0, 0x0, 0x0, 0x0}, exponent = 0x0}, {significand = {0x0, 0x0, 
          0x0, 0x0}, exponent = 0x0}, {significand = {0x0, 0x0, 0x0, 0x0}, exponent = 0x0}, {significand = {0x0, 0x0, 0x0, 0x0}, exponent = 0x0}}, status = 0x0}}
$28 = 0xffffce28
$29 = 0x804d4fc
$30 = 0x8048ac0
Breakpoint 2 at 0x8048ac0: file app1.c, line 31.
Num     Type           Disp Enb Address    What
1       breakpoint     keep y   0x08048ff1 in psu_thread_create at psu_thread.c:172
	breakpoint already hit 1 time
2       breakpoint     keep y   0x08048ac0 in foo at app1.c:31

Breakpoint 2, foo (arg=0x8048a96 <foo>) at app1.c:31
31	  print_hostname(__LINE__);
eax            0x0	0
ecx            0x804b0e4	134525156
edx            0x4	4
ebx            0x1	1
esp            0x804d4fc	0x804d4fc <thread_info+8604>
ebp            0xffffce28	0xffffce28
esi            0x0	0
edi            0x0	0
eip            0x8048ac0	0x8048ac0 <foo+42>
eflags         0x217	[ CF PF AF IF ]
cs             0x23	35
ss             0x2b	43
ds             0x2b	43
es             0x2b	43
fs             0x0	0
gs             0x63	99
Stack level 0, frame at 0xffffce30:
 eip = 0x8048ac0 in foo (app1.c:31); saved eip 0x8048b45
 called by frame at 0xffffce50
 source language c.
 Arglist at 0xffffce28, args: arg=0x8048a96 <foo>
 Locals at 0xffffce28, Previous frame's sp is 0xffffce30
 Saved registers:
  ebp at 0xffffce28, eip at 0xffffce2c
$31 = {uc_flags = 0x0, uc_link = 0x0, uc_stack = {ss_sp = 0x804b508, ss_flags = 0x0, ss_size = 0x2000}, uc_mcontext = {gregs = {0x0, 0x0, 0x0, 0x0, 0x0, 0x0, 0xffffce28, 0x804d4fc, 0x1, 0x4, 0x804b0e4, 0x0, 0x0, 0x0, 0x8048ac0, 0x0, 0x0, 0x0, 0x0}, fpregs = 0x804b498, 
    oldmask = 0x0, cr2 = 0x0}, uc_sigmask = {__val = {0x0 <repeats 32 times>}}, __fpregs_mem = {cw = 0xffff037f, sw = 0xffff0000, tag = 0xffffffff, ipoff = 0x0, cssel = 0x0, dataoff = 0x0, datasel = 0xffff0000, _st = {{significand = {0x0, 0x0, 0x0, 0x0}, 
        exponent = 0x0}, {significand = {0x0, 0x0, 0x0, 0x0}, exponent = 0x0}, {significand = {0x0, 0x0, 0x0, 0x0}, exponent = 0x0}, {significand = {0x0, 0x0, 0x0, 0x0}, exponent = 0x0}, {significand = {0x0, 0x0, 0x0, 0x0}, exponent = 0x0}, {significand = {0x0, 0x0, 
          0x0, 0x0}, exponent = 0x0}, {significand = {0x0, 0x0, 0x0, 0x0}, exponent = 0x0}, {significand = {0x0, 0x0, 0x0, 0x0}, exponent = 0x0}}, status = 0x0}}
$32 = 0xffffce28
$33 = 0x804d4fc
$34 = 0x8048ac0
$35 = {0x0 <repeats 2044 times>, 0x8048ac0, 0xf7e0179b, 0x0, 0x0}
print_hostname (lineno=31) at app1.c:19
19	  if ((ret = gethostname(buffer, sizeof(buffer))) == -1) {
eax            0x0	0
ecx            0x804b0e4	134525156
edx            0x4	4
ebx            0x1	1
esp            0x804d46c	0x804d46c <thread_info+8460>
ebp            0x804d4f4	0x804d4f4 <thread_info+8596>
esi            0x0	0
edi            0x0	0
eip            0x8048a46	0x8048a46 <print_hostname+9>
eflags         0x216	[ PF AF IF ]
cs             0x23	35
ss             0x2b	43
ds             0x2b	43
es             0x2b	43
fs             0x0	0
gs             0x63	99
Stack level 0, frame at 0x804d4fc:
 eip = 0x8048a46 in print_hostname (app1.c:19); saved eip 0x8048acc
 called by frame at 0xffffce30
 source language c.
 Arglist at 0x804d4f4, args: lineno=31
 Locals at 0x804d4f4, Previous frame's sp is 0x804d4fc
 Saved registers:
  ebp at 0x804d4f4, eip at 0x804d4f8
$36 = {uc_flags = 0x0, uc_link = 0x0, uc_stack = {ss_sp = 0x804b508, ss_flags = 0x0, ss_size = 0x2000}, uc_mcontext = {gregs = {0x0, 0x0, 0x0, 0x0, 0x0, 0x0, 0xffffce28, 0x804d4fc, 0x1, 0x4, 0x804b0e4, 0x0, 0x0, 0x0, 0x8048ac0, 0x0, 0x0, 0x0, 0x0}, fpregs = 0x804b498, 
    oldmask = 0x0, cr2 = 0x0}, uc_sigmask = {__val = {0x0 <repeats 32 times>}}, __fpregs_mem = {cw = 0xffff037f, sw = 0xffff0000, tag = 0xffffffff, ipoff = 0x0, cssel = 0x0, dataoff = 0x0, datasel = 0xffff0000, _st = {{significand = {0x0, 0x0, 0x0, 0x0}, 
        exponent = 0x0}, {significand = {0x0, 0x0, 0x0, 0x0}, exponent = 0x0}, {significand = {0x0, 0x0, 0x0, 0x0}, exponent = 0x0}, {significand = {0x0, 0x0, 0x0, 0x0}, exponent = 0x0}, {significand = {0x0, 0x0, 0x0, 0x0}, exponent = 0x0}, {significand = {0x0, 0x0, 
          0x0, 0x0}, exponent = 0x0}, {significand = {0x0, 0x0, 0x0, 0x0}, exponent = 0x0}, {significand = {0x0, 0x0, 0x0, 0x0}, exponent = 0x0}}, status = 0x0}}
$37 = 0x8048ac0
$38 = 0x804d4fc
$39 = 0x8048ac0
$40 = {0x0 <repeats 2043 times>, 0xffffce28, 0x8048acc, 0x1f, 0x0, 0x0}
$41 = 0xffffce28
$42 = 0x804d4f4
$43 = 0x804d504
$44 = 8188
$45 = 0x804b508
$46 = 0x804d508
Breakpoint 3 at 0x8048a7a: file app1.c, line 23.

Breakpoint 3, print_hostname (lineno=31) at app1.c:23
23	  printf("Hostname: %s, lineno: %d\n", buffer, lineno);
24	}
$47 = {0x0 <repeats 1575 times>, 0x1, 0xf7f87000, 0x804cdfc, 0xf7eaac52, 0xf7f87000, 0xf7e356fe, 0x3, 0x1000, 0xf7eb7eb8, 0x400, 0xf7f87ae0, 0xf7f87000, 0xf7f87ae0, 0xf7e26569, 0xf7f87ae0, 0xf7fd7000, 0xf7fd7400, 0x1, 0xffffffff, 0x0, 0x0, 0x0, 0xc, 0x0, 0x0, 0x4, 
  0x2190, 0x1, 0x393729, 0x5, 0x8801, 0x0, 0x0, 0x0, 0x0, 0x400, 0xf7f87ae0, 0x30, 0xf7fd7000, 0xf7eab953, 0xf7f87000, 0xf7e329c1, 0x1, 0xf7fd7000, 0x30, 0x0, 0xf7f87ae0, 0xf7f858c0, 0xffffffff, 0xf7e344aa, 0xf7f87ae0, 0xf7fd7000, 0x30, 0xf7e357b5, 0xf7f87ae0, 
  0xf7fd7000, 0x0, 0xf7f87000, 0xf7f87ae0, 0x804930a, 0x1, 0xf7f87000, 0xf7f87ae0, 0x30, 0xffffffff, 0xf7e349ba, 0xf7f87ae0, 0xf7fd7000, 0x30, 0x0, 0x0, 0x0, 0x0, 0xf7f87000, 0xf7f87ae0, 0x1, 0x0, 0xf7e332f7, 0xf7f87ae0, 0xffffffff, 0x1, 0x0, 0x0, 0x0, 0x0, 0x7d4, 0x0, 
  0xf7f85260, 0x0, 0x0, 0x0, 0x0, 0xf7e03bbd, 0xf7e3ccf8, 0xf7f87000, 0xf7f87ae0, 0xf7f87ae0, 0xf7e0492c, 0x804d020, 0x0, 0x1, 0x0 <repeats 18 times>, 0xfffffffe, 0x0, 0x1f, 0x0, 0x0, 0x0, 0xa, 0x0, 0x0, 0x0, 0x0, 0x0, 0x0, 0xffffffff, 0x1, 0x64, 0x200000, 0x804d42a, 
  0x804d478, 0x0, 0xf7e064f6, 0xf7f85260, 0x0, 0x0, 0x0, 0x0, 0x0, 0x804930a, 0x1, 0x7d4, 0x30, 0x0, 0x0, 0x8049319, 0x804d470, 0x0, 0x0, 0x0, 0x0, 0x0, 0xf7f99e00, 0xf7f87ae0, 0x0 <repeats 150 times>, 0xf7fe3b3d, 0xf7dd3378, 0x8048543, 0x0, 0x2, 0x804843d, 0xf7fd86f0, 
  0xf7f87000, 0xf7ffcfbc, 0xf7dc238c, 0x2, 0xf7fd89fc, 0xf7fe4214, 0x1a, 0x0, 0x0, 0x0, 0xf7fd89fc, 0x4, 0x804d2fc, 0xab595d, 0x156b2bb8, 0xf7dc3f18, 0xf7dc6788, 0x0, 0x0, 0x0...}
Continuing.
[Inferior 1 (process 24385) exited normally]
